<?xml version="1.0" encoding="UTF-8"?>
<!-- Generated by org.testng.reporters.JUnitReportReporter -->
<testsuite hostname="LAPTOP-O6UDEKEP" failures="0" tests="1" name="com.nextsoft.testcom.report.OrderHistoryTest" time="7.026" errors="0" timestamp="2022-06-16T21:44:44 ICT" skipped="0">
  <testcase classname="com.nextsoft.testcom.report.OrderHistoryTest" name="testLoginWithValidUserAndPassword" time="7.026"/>
  <system-out/>
</testsuite> <!-- com.nextsoft.testcom.report.OrderHistoryTest -->
